{"/Users/diegosanchez/Documents/Development/technical-assesments/blossom-technical-test/src/character/resolvers/character.resolver.ts": {"path":"/Users/diegosanchez/Documents/Development/technical-assesments/blossom-technical-test/src/character/resolvers/character.resolver.ts","statementMap":{"0":{"start":{"line":1,"column":0},"end":{"line":1,"column":53}},"1":{"start":{"line":2,"column":0},"end":{"line":2,"column":41}},"2":{"start":{"line":3,"column":0},"end":{"line":3,"column":47}},"3":{"start":{"line":4,"column":0},"end":{"line":4,"column":61}},"4":{"start":{"line":5,"column":0},"end":{"line":5,"column":60}},"5":{"start":{"line":8,"column":7},"end":{"line":20,"column":null}},"6":{"start":{"line":11,"column":12},"end":{"line":11,"column":30}},"7":{"start":{"line":18,"column":4},"end":{"line":18,"column":51}},"8":{"start":{"line":8,"column":13},"end":{"line":8,"column":30}},"9":{"start":{"line":17,"column":8},"end":{"line":19,"column":null}},"10":{"start":{"line":16,"column":15},"end":{"line":16,"column":32}},"11":{"start":{"line":8,"column":13},"end":{"line":20,"column":null}},"12":{"start":{"line":7,"column":16},"end":{"line":7,"column":31}}},"fnMap":{"0":{"name":"(anonymous_4)","decl":{"start":{"line":9,"column":2},"end":{"line":9,"column":null}},"loc":{"start":{"line":11,"column":46},"end":{"line":12,"column":6}}},"1":{"name":"(anonymous_5)","decl":{"start":{"line":17,"column":2},"end":{"line":17,"column":7}},"loc":{"start":{"line":17,"column":58},"end":{"line":19,"column":3}}},"2":{"name":"(anonymous_6)","decl":{"start":{"line":16,"column":9},"end":{"line":16,"column":12}},"loc":{"start":{"line":16,"column":15},"end":{"line":16,"column":32}}},"3":{"name":"(anonymous_7)","decl":{"start":{"line":7,"column":10},"end":{"line":7,"column":13}},"loc":{"start":{"line":7,"column":16},"end":{"line":7,"column":31}}}},"branchMap":{},"s":{"0":1,"1":1,"2":1,"3":1,"4":1,"5":1,"6":1,"7":1,"8":1,"9":1,"10":0,"11":1,"12":0},"f":{"0":1,"1":1,"2":0,"3":0},"b":{}}
,"/Users/diegosanchez/Documents/Development/technical-assesments/blossom-technical-test/src/character/services/character.service.ts": {"path":"/Users/diegosanchez/Documents/Development/technical-assesments/blossom-technical-test/src/character/services/character.service.ts","statementMap":{"0":{"start":{"line":1,"column":0},"end":{"line":1,"column":26}},"1":{"start":{"line":3,"column":0},"end":{"line":3,"column":33}},"2":{"start":{"line":6,"column":0},"end":{"line":6,"column":60}},"3":{"start":{"line":9,"column":7},"end":{"line":21,"column":null}},"4":{"start":{"line":11,"column":23},"end":{"line":18,"column":10}},"5":{"start":{"line":12,"column":23},"end":{"line":12,"column":59}},"6":{"start":{"line":13,"column":6},"end":{"line":17,"column":7}},"7":{"start":{"line":14,"column":8},"end":{"line":14,"column":50}},"8":{"start":{"line":16,"column":8},"end":{"line":16,"column":33}},"9":{"start":{"line":19,"column":4},"end":{"line":19,"column":59}},"10":{"start":{"line":9,"column":13},"end":{"line":9,"column":29}},"11":{"start":{"line":9,"column":13},"end":{"line":21,"column":null}}},"fnMap":{"0":{"name":"(anonymous_1)","decl":{"start":{"line":10,"column":2},"end":{"line":10,"column":7}},"loc":{"start":{"line":10,"column":48},"end":{"line":20,"column":3}}},"1":{"name":"(anonymous_2)","decl":{"start":{"line":11,"column":51},"end":{"line":11,"column":52}},"loc":{"start":{"line":11,"column":71},"end":{"line":18,"column":5}}}},"branchMap":{"0":{"loc":{"start":{"line":13,"column":6},"end":{"line":17,"column":7}},"type":"if","locations":[{"start":{"line":13,"column":6},"end":{"line":17,"column":7}},{"start":{"line":15,"column":13},"end":{"line":17,"column":7}}]}},"s":{"0":1,"1":1,"2":1,"3":1,"4":1,"5":1,"6":1,"7":1,"8":0,"9":1,"10":1,"11":1},"f":{"0":1,"1":1},"b":{"0":[1,0]}}
}
