TN:
SF:src/character/resolvers/character.resolver.ts
FN:9,(anonymous_4)
FN:17,(anonymous_5)
FN:16,(anonymous_6)
FN:7,(anonymous_7)
FNF:4
FNH:2
FNDA:1,(anonymous_4)
FNDA:1,(anonymous_5)
FNDA:0,(anonymous_6)
FNDA:0,(anonymous_7)
DA:1,1
DA:2,1
DA:3,1
DA:4,1
DA:5,1
DA:7,0
DA:8,1
DA:11,1
DA:16,0
DA:17,1
DA:18,1
LF:11
LH:9
BRF:0
BRH:0
end_of_record
TN:
SF:src/character/services/character.service.ts
FN:10,(anonymous_1)
FN:11,(anonymous_2)
FNF:2
FNH:2
FNDA:1,(anonymous_1)
FNDA:1,(anonymous_2)
DA:1,1
DA:3,1
DA:6,1
DA:9,1
DA:11,1
DA:12,1
DA:13,1
DA:14,1
DA:16,0
DA:19,1
LF:10
LH:9
BRDA:13,0,0,1
BRDA:13,0,1,0
BRF:2
BRH:1
end_of_record
